<?xml version="1.0" encoding="utf-8"?><testsuites name="pytest tests"><testsuite name="pytest" errors="0" failures="0" skipped="0" tests="18" time="7.303" timestamp="2026-03-22T13:47:18.678259+00:00" hostname="agent-env-17e617ee-aac6-4f07-a5a8-3e45204f8b78"><testcase classname="backend.tests.test_community_hub.TestForumCategories" name="test_get_forum_categories" time="0.589" /><testcase classname="backend.tests.test_community_hub.TestForumPosts" name="test_get_forum_posts_empty" time="0.465" /><testcase classname="backend.tests.test_community_hub.TestForumPosts" name="test_create_forum_post" time="0.225" /><testcase classname="backend.tests.test_community_hub.TestForumPosts" name="test_get_forum_post_by_id" time="0.213" /><testcase classname="backend.tests.test_community_hub.TestForumPosts" name="test_filter_posts_by_category" time="0.116" /><testcase classname="backend.tests.test_community_hub.TestForumPosts" name="test_search_posts" time="0.266" /><testcase classname="backend.tests.test_community_hub.TestForumReplies" name="test_create_reply" time="0.733" /><testcase classname="backend.tests.test_community_hub.TestForumReplies" name="test_reply_increments_count" time="0.332" /><testcase classname="backend.tests.test_community_hub.TestCommunityEvents" name="test_get_community_events" time="0.437" /><testcase classname="backend.tests.test_community_hub.TestCommunityEvents" name="test_create_community_event" time="0.111" /><testcase classname="backend.tests.test_community_hub.TestCommunityEvents" name="test_get_event_by_id" time="0.203" /><testcase classname="backend.tests.test_community_hub.TestCommunityEvents" name="test_register_for_event" time="0.307" /><testcase classname="backend.tests.test_community_hub.TestCommunityEvents" name="test_unregister_from_event" time="0.426" /><testcase classname="backend.tests.test_community_hub.TestCommunityEvents" name="test_event_types" time="0.419" /><testcase classname="backend.tests.test_community_hub.TestDashboardAndRostering" name="test_dashboard_stats" time="0.445" /><testcase classname="backend.tests.test_community_hub.TestDashboardAndRostering" name="test_shifts_list" time="0.099" /><testcase classname="backend.tests.test_community_hub.TestCleanup" name="test_cleanup_test_posts" time="0.918" /><testcase classname="backend.tests.test_community_hub.TestCleanup" name="test_cleanup_test_events" time="0.913" /></testsuite></testsuites>