<?xml version="1.0" encoding="utf-8"?><testsuites name="pytest tests"><testsuite name="pytest" errors="0" failures="0" skipped="0" tests="17" time="7.671" timestamp="2026-03-22T13:37:56.190616+00:00" hostname="agent-env-17e617ee-aac6-4f07-a5a8-3e45204f8b78"><testcase classname="tests.test_dashboard_rostering.TestAuthentication" name="test_login_success" time="0.388" /><testcase classname="tests.test_dashboard_rostering.TestAuthentication" name="test_login_invalid_credentials" time="0.107" /><testcase classname="tests.test_dashboard_rostering.TestDashboardStats" name="test_dashboard_stats_returns_200" time="0.449" /><testcase classname="tests.test_dashboard_rostering.TestDashboardStats" name="test_dashboard_stats_contains_required_fields" time="0.489" /><testcase classname="tests.test_dashboard_rostering.TestDashboardStats" name="test_dashboard_stats_data_types" time="0.426" /><testcase classname="tests.test_dashboard_rostering.TestStaffAPI" name="test_get_staff_list_returns_200" time="0.423" /><testcase classname="tests.test_dashboard_rostering.TestStaffAPI" name="test_get_staff_list_returns_array" time="0.416" /><testcase classname="tests.test_dashboard_rostering.TestStaffAPI" name="test_staff_data_structure" time="0.429" /><testcase classname="tests.test_dashboard_rostering.TestShiftsAPI" name="test_get_shifts_returns_200" time="0.896" /><testcase classname="tests.test_dashboard_rostering.TestShiftsAPI" name="test_get_shifts_returns_array" time="0.437" /><testcase classname="tests.test_dashboard_rostering.TestShiftsAPI" name="test_shifts_data_structure" time="0.470" /><testcase classname="tests.test_dashboard_rostering.TestShiftsAPI" name="test_shifts_have_normalized_date_field" time="0.493" /><testcase classname="tests.test_dashboard_rostering.TestClientsAPI" name="test_get_clients_returns_200" time="0.450" /><testcase classname="tests.test_dashboard_rostering.TestClientsAPI" name="test_get_clients_returns_array" time="0.419" /><testcase classname="tests.test_dashboard_rostering.TestRosteringFeatures" name="test_shift_templates_endpoint" time="0.438" /><testcase classname="tests.test_dashboard_rostering.TestRosteringFeatures" name="test_recurring_shifts_endpoint" time="0.441" /><testcase classname="tests.test_dashboard_rostering.TestRosteringFeatures" name="test_company_settings_endpoint" time="0.432" /></testsuite></testsuites>