<?xml version="1.0" encoding="utf-8"?><testsuites name="pytest tests"><testsuite name="pytest" errors="0" failures="0" skipped="0" tests="25" time="9.134" timestamp="2026-03-21T05:27:42.423128+00:00" hostname="agent-env-17e617ee-aac6-4f07-a5a8-3e45204f8b78"><testcase classname="backend.tests.test_new_features.TestAuth" name="test_login_success" time="0.412" /><testcase classname="backend.tests.test_new_features.TestClients" name="test_get_clients" time="0.450" /><testcase classname="backend.tests.test_new_features.TestMedicationManagement" name="test_get_client_medications_empty" time="0.552" /><testcase classname="backend.tests.test_new_features.TestMedicationManagement" name="test_create_medication" time="0.149" /><testcase classname="backend.tests.test_new_features.TestMedicationManagement" name="test_get_medications_after_create" time="0.209" /><testcase classname="backend.tests.test_new_features.TestMedicationManagement" name="test_log_medication_administration" time="0.220" /><testcase classname="backend.tests.test_new_features.TestGoalTracking" name="test_get_client_goals_empty" time="0.549" /><testcase classname="backend.tests.test_new_features.TestGoalTracking" name="test_create_goal" time="0.160" /><testcase classname="backend.tests.test_new_features.TestGoalTracking" name="test_update_goal_progress" time="0.336" /><testcase classname="backend.tests.test_new_features.TestGoalTracking" name="test_goal_achieved_on_100_percent" time="1.813" /><testcase classname="backend.tests.test_new_features.TestCommunicationHub" name="test_get_users_list" time="0.451" /><testcase classname="backend.tests.test_new_features.TestCommunicationHub" name="test_get_inbox_empty" time="0.102" /><testcase classname="backend.tests.test_new_features.TestCommunicationHub" name="test_send_message" time="0.355" /><testcase classname="backend.tests.test_new_features.TestCommunicationHub" name="test_inbox_contains_sent_message" time="0.410" /><testcase classname="backend.tests.test_new_features.TestCommunicationHub" name="test_mark_message_read" time="0.208" /><testcase classname="backend.tests.test_new_features.TestPaymentProcessing" name="test_get_invoices" time="0.412" /><testcase classname="backend.tests.test_new_features.TestPaymentProcessing" name="test_invoice_has_required_fields" time="0.098" /><testcase classname="backend.tests.test_new_features.TestPaymentProcessing" name="test_update_invoice_status_to_paid" time="0.313" /><testcase classname="backend.tests.test_new_features.TestComplianceCalendar" name="test_get_compliance_deadlines" time="0.424" /><testcase classname="backend.tests.test_new_features.TestComplianceCalendar" name="test_create_compliance_deadline" time="0.103" /><testcase classname="backend.tests.test_new_features.TestComplianceCalendar" name="test_complete_deadline" time="0.308" /><testcase classname="backend.tests.test_new_features.TestFeedbackSurveys" name="test_get_surveys" time="0.423" /><testcase classname="backend.tests.test_new_features.TestFeedbackSurveys" name="test_create_survey" time="0.094" /><testcase classname="backend.tests.test_new_features.TestFeedbackSurveys" name="test_submit_survey_response" time="0.215" /><testcase classname="backend.tests.test_new_features.TestFeedbackSurveys" name="test_get_survey_responses" time="0.304" /></testsuite></testsuites>