<?xml version="1.0" encoding="utf-8"?><testsuites name="pytest tests"><testsuite name="pytest" errors="0" failures="0" skipped="0" tests="8" time="1.728" timestamp="2026-03-21T07:21:11.994730+00:00" hostname="agent-env-17e617ee-aac6-4f07-a5a8-3e45204f8b78"><testcase classname="backend.tests.test_sso_features.TestMicrosoftSSO" name="test_microsoft_sso_url_returns_auth_url_and_state" time="0.233" /><testcase classname="backend.tests.test_sso_features.TestMicrosoftSSO" name="test_microsoft_sso_callback_creates_demo_user" time="0.241" /><testcase classname="backend.tests.test_sso_features.TestMicrosoftSSO" name="test_microsoft_sso_token_works_with_auth_me" time="0.306" /><testcase classname="backend.tests.test_sso_features.TestMicrosoftSSO" name="test_microsoft_sso_callback_invalid_state" time="0.108" /><testcase classname="backend.tests.test_sso_features.TestGoogleSSO" name="test_google_sso_url_returns_auth_url_and_state" time="0.131" /><testcase classname="backend.tests.test_sso_features.TestGoogleSSO" name="test_google_sso_callback_creates_demo_user" time="0.202" /><testcase classname="backend.tests.test_sso_features.TestGoogleSSO" name="test_google_sso_token_works_with_auth_me" time="0.334" /><testcase classname="backend.tests.test_sso_features.TestGoogleSSO" name="test_google_sso_callback_invalid_state" time="0.100" /></testsuite></testsuites>